DEBUG - 2026-04-06 21:19:04 --> Session: Class initialized using 'CodeIgniter\Session\Handlers\FileHandler' driver.
DEBUG - 2026-04-06 21:19:57 --> Session: Class initialized using 'CodeIgniter\Session\Handlers\FileHandler' driver.
DEBUG - 2026-04-06 21:19:59 --> Session: Class initialized using 'CodeIgniter\Session\Handlers\FileHandler' driver.
DEBUG - 2026-04-06 21:20:00 --> Session: Class initialized using 'CodeIgniter\Session\Handlers\FileHandler' driver.
DEBUG - 2026-04-06 21:20:10 --> Session: Class initialized using 'CodeIgniter\Session\Handlers\FileHandler' driver.
DEBUG - 2026-04-06 21:20:13 --> Session: Class initialized using 'CodeIgniter\Session\Handlers\FileHandler' driver.
DEBUG - 2026-04-06 21:20:36 --> Session: Class initialized using 'CodeIgniter\Session\Handlers\FileHandler' driver.
DEBUG - 2026-04-06 21:20:39 --> Session: Class initialized using 'CodeIgniter\Session\Handlers\FileHandler' driver.
DEBUG - 2026-04-06 21:20:41 --> Session: Class initialized using 'CodeIgniter\Session\Handlers\FileHandler' driver.
DEBUG - 2026-04-06 21:23:16 --> Session: Class initialized using 'CodeIgniter\Session\Handlers\FileHandler' driver.
DEBUG - 2026-04-06 21:23:18 --> Session: Class initialized using 'CodeIgniter\Session\Handlers\FileHandler' driver.
DEBUG - 2026-04-06 21:23:24 --> Session: Class initialized using 'CodeIgniter\Session\Handlers\FileHandler' driver.
DEBUG - 2026-04-06 21:23:25 --> Session: Class initialized using 'CodeIgniter\Session\Handlers\FileHandler' driver.
DEBUG - 2026-04-06 21:23:27 --> Session: Class initialized using 'CodeIgniter\Session\Handlers\FileHandler' driver.
DEBUG - 2026-04-06 21:26:53 --> Session: Class initialized using 'CodeIgniter\Session\Handlers\FileHandler' driver.
DEBUG - 2026-04-06 21:26:54 --> Session: Class initialized using 'CodeIgniter\Session\Handlers\FileHandler' driver.
DEBUG - 2026-04-06 21:26:59 --> Session: Class initialized using 'CodeIgniter\Session\Handlers\FileHandler' driver.
DEBUG - 2026-04-06 21:27:01 --> Session: Class initialized using 'CodeIgniter\Session\Handlers\FileHandler' driver.
DEBUG - 2026-04-06 21:30:09 --> Session: Class initialized using 'CodeIgniter\Session\Handlers\FileHandler' driver.
DEBUG - 2026-04-06 21:30:37 --> Session: Class initialized using 'CodeIgniter\Session\Handlers\FileHandler' driver.
DEBUG - 2026-04-06 21:30:39 --> Session: Class initialized using 'CodeIgniter\Session\Handlers\FileHandler' driver.
DEBUG - 2026-04-06 21:31:29 --> Session: Class initialized using 'CodeIgniter\Session\Handlers\FileHandler' driver.
DEBUG - 2026-04-06 21:31:31 --> Session: Class initialized using 'CodeIgniter\Session\Handlers\FileHandler' driver.
DEBUG - 2026-04-06 21:31:45 --> Session: Class initialized using 'CodeIgniter\Session\Handlers\FileHandler' driver.
DEBUG - 2026-04-06 21:31:46 --> Session: Class initialized using 'CodeIgniter\Session\Handlers\FileHandler' driver.
DEBUG - 2026-04-06 21:32:01 --> Session: Class initialized using 'CodeIgniter\Session\Handlers\FileHandler' driver.
DEBUG - 2026-04-06 21:32:03 --> Session: Class initialized using 'CodeIgniter\Session\Handlers\FileHandler' driver.
DEBUG - 2026-04-06 21:32:37 --> Session: Class initialized using 'CodeIgniter\Session\Handlers\FileHandler' driver.
ERROR - 2026-04-06 21:32:37 --> Duplicate entry 'BRW-00003' for key 'borrowings.brw_code'
in SYSTEMPATH/Database/MySQLi/Connection.php on line 300.
 1 SYSTEMPATH/Database/MySQLi/Connection.php(300): mysqli->query('INSERT INTO `borrowings` 
                                (`brw_code`, `user_code`, `tool_code`, `tool_name`,
                                `borrow_date`, `time_from`, `time_to`,
                                `borrowed_at`, `due_date`, `status`) 
                                VALUES 
                                (\'BRW-00003\', \'STU-00001\', \'TOOL-00011\', \'Engineer Scale\',
                                \'2026-04-07\', \'06:00\', \'09:00\',
                                CURDATE(), \'2026-04-07\', 1)', 0)
 2 SYSTEMPATH/Database/BaseConnection.php(769): CodeIgniter\Database\MySQLi\Connection->execute('INSERT INTO `borrowings` 
                                (`brw_code`, `user_code`, `tool_code`, `tool_name`,
                                `borrow_date`, `time_from`, `time_to`,
                                `borrowed_at`, `due_date`, `status`) 
                                VALUES 
                                (\'BRW-00003\', \'STU-00001\', \'TOOL-00011\', \'Engineer Scale\',
                                \'2026-04-07\', \'06:00\', \'09:00\',
                                CURDATE(), \'2026-04-07\', 1)')
 3 SYSTEMPATH/Database/BaseConnection.php(686): CodeIgniter\Database\BaseConnection->simpleQuery('INSERT INTO `borrowings` 
                                (`brw_code`, `user_code`, `tool_code`, `tool_name`,
                                `borrow_date`, `time_from`, `time_to`,
                                `borrowed_at`, `due_date`, `status`) 
                                VALUES 
                                (\'BRW-00003\', \'STU-00001\', \'TOOL-00011\', \'Engineer Scale\',
                                \'2026-04-07\', \'06:00\', \'09:00\',
                                CURDATE(), \'2026-04-07\', 1)')
 4 APPPATH/Models/BaseDBModel.php(19): CodeIgniter\Database\BaseConnection->query('INSERT INTO `borrowings` 
                                (`brw_code`, `user_code`, `tool_code`, `tool_name`,
                                `borrow_date`, `time_from`, `time_to`,
                                `borrowed_at`, `due_date`, `status`) 
                                VALUES 
                                (\'BRW-00003\', \'STU-00001\', \'TOOL-00011\', \'Engineer Scale\',
                                \'2026-04-07\', \'06:00\', \'09:00\',
                                CURDATE(), \'2026-04-07\', 1)')
 5 APPPATH/Models/MyBrwngModel.php(198): App\Models\BaseDBModel->exec('INSERT INTO `borrowings` 
                                (`brw_code`, `user_code`, `tool_code`, `tool_name`,
                                `borrow_date`, `time_from`, `time_to`,
                                `borrowed_at`, `due_date`, `status`) 
                                VALUES 
                                (\'BRW-00003\', \'STU-00001\', \'TOOL-00011\', \'Engineer Scale\',
                                \'2026-04-07\', \'06:00\', \'09:00\',
                                CURDATE(), \'2026-04-07\', 1)')
 6 APPPATH/Controllers/BorrowSys_Ctrl.php(75): App\Models\MyBrwngModel->borrowTool()
 7 SYSTEMPATH/CodeIgniter.php(951): App\Controllers\BorrowSys_Ctrl->index()
 8 SYSTEMPATH/CodeIgniter.php(497): CodeIgniter\CodeIgniter->runController(Object(App\Controllers\BorrowSys_Ctrl))
 9 SYSTEMPATH/CodeIgniter.php(340): CodeIgniter\CodeIgniter->handleRequest(null, Object(Config\Cache), false)
10 SYSTEMPATH/Boot.php(417): CodeIgniter\CodeIgniter->run()
11 SYSTEMPATH/Boot.php(68): CodeIgniter\Boot::runCodeIgniter(Object(CodeIgniter\CodeIgniter))
12 FCPATH/index.php(59): CodeIgniter\Boot::bootWeb(Object(Config\Paths))
CRITICAL - 2026-04-06 21:32:37 --> CodeIgniter\Database\Exceptions\DatabaseException: Duplicate entry 'BRW-00003' for key 'borrowings.brw_code'
[Method: POST, Route: Borrowing-System]
in SYSTEMPATH/Database/BaseConnection.php on line 724.
 1 APPPATH/Models/BaseDBModel.php(19): CodeIgniter\Database\BaseConnection->query('INSERT INTO `borrowings` 
                                (`brw_code`, `user_code`, `tool_code`, `tool_name`,
                                `borrow_date`, `time_from`, `time_to`,
                                `borrowed_at`, `due_date`, `status`) 
                                VALUES 
                                (\'BRW-00003\', \'STU-00001\', \'TOOL-00011\', \'Engineer Scale\',
                                \'2026-04-07\', \'06:00\', \'09:00\',
                                CURDATE(), \'2026-04-07\', 1)')
 2 APPPATH/Models/MyBrwngModel.php(198): App\Models\BaseDBModel->exec('INSERT INTO `borrowings` 
                                (`brw_code`, `user_code`, `tool_code`, `tool_name`,
                                `borrow_date`, `time_from`, `time_to`,
                                `borrowed_at`, `due_date`, `status`) 
                                VALUES 
                                (\'BRW-00003\', \'STU-00001\', \'TOOL-00011\', \'Engineer Scale\',
                                \'2026-04-07\', \'06:00\', \'09:00\',
                                CURDATE(), \'2026-04-07\', 1)')
 3 APPPATH/Controllers/BorrowSys_Ctrl.php(75): App\Models\MyBrwngModel->borrowTool()
 4 SYSTEMPATH/CodeIgniter.php(951): App\Controllers\BorrowSys_Ctrl->index()
 5 SYSTEMPATH/CodeIgniter.php(497): CodeIgniter\CodeIgniter->runController(Object(App\Controllers\BorrowSys_Ctrl))
 6 SYSTEMPATH/CodeIgniter.php(340): CodeIgniter\CodeIgniter->handleRequest(null, Object(Config\Cache), false)
 7 SYSTEMPATH/Boot.php(417): CodeIgniter\CodeIgniter->run()
 8 SYSTEMPATH/Boot.php(68): CodeIgniter\Boot::runCodeIgniter(Object(CodeIgniter\CodeIgniter))
 9 FCPATH/index.php(59): CodeIgniter\Boot::bootWeb(Object(Config\Paths))
CRITICAL - 2026-04-06 21:32:37 --> [Caused by] CodeIgniter\Database\Exceptions\DatabaseException: Duplicate entry 'BRW-00003' for key 'borrowings.brw_code'
in SYSTEMPATH/Database/MySQLi/Connection.php on line 310.
 1 SYSTEMPATH/Database/BaseConnection.php(769): CodeIgniter\Database\MySQLi\Connection->execute('INSERT INTO `borrowings` 
                                (`brw_code`, `user_code`, `tool_code`, `tool_name`,
                                `borrow_date`, `time_from`, `time_to`,
                                `borrowed_at`, `due_date`, `status`) 
                                VALUES 
                                (\'BRW-00003\', \'STU-00001\', \'TOOL-00011\', \'Engineer Scale\',
                                \'2026-04-07\', \'06:00\', \'09:00\',
                                CURDATE(), \'2026-04-07\', 1)')
 2 SYSTEMPATH/Database/BaseConnection.php(686): CodeIgniter\Database\BaseConnection->simpleQuery('INSERT INTO `borrowings` 
                                (`brw_code`, `user_code`, `tool_code`, `tool_name`,
                                `borrow_date`, `time_from`, `time_to`,
                                `borrowed_at`, `due_date`, `status`) 
                                VALUES 
                                (\'BRW-00003\', \'STU-00001\', \'TOOL-00011\', \'Engineer Scale\',
                                \'2026-04-07\', \'06:00\', \'09:00\',
                                CURDATE(), \'2026-04-07\', 1)')
 3 APPPATH/Models/BaseDBModel.php(19): CodeIgniter\Database\BaseConnection->query('INSERT INTO `borrowings` 
                                (`brw_code`, `user_code`, `tool_code`, `tool_name`,
                                `borrow_date`, `time_from`, `time_to`,
                                `borrowed_at`, `due_date`, `status`) 
                                VALUES 
                                (\'BRW-00003\', \'STU-00001\', \'TOOL-00011\', \'Engineer Scale\',
                                \'2026-04-07\', \'06:00\', \'09:00\',
                                CURDATE(), \'2026-04-07\', 1)')
 4 APPPATH/Models/MyBrwngModel.php(198): App\Models\BaseDBModel->exec('INSERT INTO `borrowings` 
                                (`brw_code`, `user_code`, `tool_code`, `tool_name`,
                                `borrow_date`, `time_from`, `time_to`,
                                `borrowed_at`, `due_date`, `status`) 
                                VALUES 
                                (\'BRW-00003\', \'STU-00001\', \'TOOL-00011\', \'Engineer Scale\',
                                \'2026-04-07\', \'06:00\', \'09:00\',
                                CURDATE(), \'2026-04-07\', 1)')
 5 APPPATH/Controllers/BorrowSys_Ctrl.php(75): App\Models\MyBrwngModel->borrowTool()
 6 SYSTEMPATH/CodeIgniter.php(951): App\Controllers\BorrowSys_Ctrl->index()
 7 SYSTEMPATH/CodeIgniter.php(497): CodeIgniter\CodeIgniter->runController(Object(App\Controllers\BorrowSys_Ctrl))
 8 SYSTEMPATH/CodeIgniter.php(340): CodeIgniter\CodeIgniter->handleRequest(null, Object(Config\Cache), false)
 9 SYSTEMPATH/Boot.php(417): CodeIgniter\CodeIgniter->run()
10 SYSTEMPATH/Boot.php(68): CodeIgniter\Boot::runCodeIgniter(Object(CodeIgniter\CodeIgniter))
11 FCPATH/index.php(59): CodeIgniter\Boot::bootWeb(Object(Config\Paths))
CRITICAL - 2026-04-06 21:32:37 --> [Caused by] mysqli_sql_exception: Duplicate entry 'BRW-00003' for key 'borrowings.brw_code'
in SYSTEMPATH/Database/MySQLi/Connection.php on line 300.
 1 SYSTEMPATH/Database/MySQLi/Connection.php(300): mysqli->query('INSERT INTO `borrowings` 
                                (`brw_code`, `user_code`, `tool_code`, `tool_name`,
                                `borrow_date`, `time_from`, `time_to`,
                                `borrowed_at`, `due_date`, `status`) 
                                VALUES 
                                (\'BRW-00003\', \'STU-00001\', \'TOOL-00011\', \'Engineer Scale\',
                                \'2026-04-07\', \'06:00\', \'09:00\',
                                CURDATE(), \'2026-04-07\', 1)', 0)
 2 SYSTEMPATH/Database/BaseConnection.php(769): CodeIgniter\Database\MySQLi\Connection->execute('INSERT INTO `borrowings` 
                                (`brw_code`, `user_code`, `tool_code`, `tool_name`,
                                `borrow_date`, `time_from`, `time_to`,
                                `borrowed_at`, `due_date`, `status`) 
                                VALUES 
                                (\'BRW-00003\', \'STU-00001\', \'TOOL-00011\', \'Engineer Scale\',
                                \'2026-04-07\', \'06:00\', \'09:00\',
                                CURDATE(), \'2026-04-07\', 1)')
 3 SYSTEMPATH/Database/BaseConnection.php(686): CodeIgniter\Database\BaseConnection->simpleQuery('INSERT INTO `borrowings` 
                                (`brw_code`, `user_code`, `tool_code`, `tool_name`,
                                `borrow_date`, `time_from`, `time_to`,
                                `borrowed_at`, `due_date`, `status`) 
                                VALUES 
                                (\'BRW-00003\', \'STU-00001\', \'TOOL-00011\', \'Engineer Scale\',
                                \'2026-04-07\', \'06:00\', \'09:00\',
                                CURDATE(), \'2026-04-07\', 1)')
 4 APPPATH/Models/BaseDBModel.php(19): CodeIgniter\Database\BaseConnection->query('INSERT INTO `borrowings` 
                                (`brw_code`, `user_code`, `tool_code`, `tool_name`,
                                `borrow_date`, `time_from`, `time_to`,
                                `borrowed_at`, `due_date`, `status`) 
                                VALUES 
                                (\'BRW-00003\', \'STU-00001\', \'TOOL-00011\', \'Engineer Scale\',
                                \'2026-04-07\', \'06:00\', \'09:00\',
                                CURDATE(), \'2026-04-07\', 1)')
 5 APPPATH/Models/MyBrwngModel.php(198): App\Models\BaseDBModel->exec('INSERT INTO `borrowings` 
                                (`brw_code`, `user_code`, `tool_code`, `tool_name`,
                                `borrow_date`, `time_from`, `time_to`,
                                `borrowed_at`, `due_date`, `status`) 
                                VALUES 
                                (\'BRW-00003\', \'STU-00001\', \'TOOL-00011\', \'Engineer Scale\',
                                \'2026-04-07\', \'06:00\', \'09:00\',
                                CURDATE(), \'2026-04-07\', 1)')
 6 APPPATH/Controllers/BorrowSys_Ctrl.php(75): App\Models\MyBrwngModel->borrowTool()
 7 SYSTEMPATH/CodeIgniter.php(951): App\Controllers\BorrowSys_Ctrl->index()
 8 SYSTEMPATH/CodeIgniter.php(497): CodeIgniter\CodeIgniter->runController(Object(App\Controllers\BorrowSys_Ctrl))
 9 SYSTEMPATH/CodeIgniter.php(340): CodeIgniter\CodeIgniter->handleRequest(null, Object(Config\Cache), false)
10 SYSTEMPATH/Boot.php(417): CodeIgniter\CodeIgniter->run()
11 SYSTEMPATH/Boot.php(68): CodeIgniter\Boot::runCodeIgniter(Object(CodeIgniter\CodeIgniter))
12 FCPATH/index.php(59): CodeIgniter\Boot::bootWeb(Object(Config\Paths))
DEBUG - 2026-04-06 21:32:38 --> Session: Class initialized using 'CodeIgniter\Session\Handlers\FileHandler' driver.
ERROR - 2026-04-06 21:32:38 --> Duplicate entry 'BRW-00003' for key 'borrowings.brw_code'
in SYSTEMPATH/Database/MySQLi/Connection.php on line 300.
 1 SYSTEMPATH/Database/MySQLi/Connection.php(300): mysqli->query('INSERT INTO `borrowings` 
                                (`brw_code`, `user_code`, `tool_code`, `tool_name`,
                                `borrow_date`, `time_from`, `time_to`,
                                `borrowed_at`, `due_date`, `status`) 
                                VALUES 
                                (\'BRW-00003\', \'STU-00001\', \'TOOL-00011\', \'Engineer Scale\',
                                \'2026-04-07\', \'06:00\', \'09:00\',
                                CURDATE(), \'2026-04-07\', 1)', 0)
 2 SYSTEMPATH/Database/BaseConnection.php(769): CodeIgniter\Database\MySQLi\Connection->execute('INSERT INTO `borrowings` 
                                (`brw_code`, `user_code`, `tool_code`, `tool_name`,
                                `borrow_date`, `time_from`, `time_to`,
                                `borrowed_at`, `due_date`, `status`) 
                                VALUES 
                                (\'BRW-00003\', \'STU-00001\', \'TOOL-00011\', \'Engineer Scale\',
                                \'2026-04-07\', \'06:00\', \'09:00\',
                                CURDATE(), \'2026-04-07\', 1)')
 3 SYSTEMPATH/Database/BaseConnection.php(686): CodeIgniter\Database\BaseConnection->simpleQuery('INSERT INTO `borrowings` 
                                (`brw_code`, `user_code`, `tool_code`, `tool_name`,
                                `borrow_date`, `time_from`, `time_to`,
                                `borrowed_at`, `due_date`, `status`) 
                                VALUES 
                                (\'BRW-00003\', \'STU-00001\', \'TOOL-00011\', \'Engineer Scale\',
                                \'2026-04-07\', \'06:00\', \'09:00\',
                                CURDATE(), \'2026-04-07\', 1)')
 4 APPPATH/Models/BaseDBModel.php(19): CodeIgniter\Database\BaseConnection->query('INSERT INTO `borrowings` 
                                (`brw_code`, `user_code`, `tool_code`, `tool_name`,
                                `borrow_date`, `time_from`, `time_to`,
                                `borrowed_at`, `due_date`, `status`) 
                                VALUES 
                                (\'BRW-00003\', \'STU-00001\', \'TOOL-00011\', \'Engineer Scale\',
                                \'2026-04-07\', \'06:00\', \'09:00\',
                                CURDATE(), \'2026-04-07\', 1)')
 5 APPPATH/Models/MyBrwngModel.php(198): App\Models\BaseDBModel->exec('INSERT INTO `borrowings` 
                                (`brw_code`, `user_code`, `tool_code`, `tool_name`,
                                `borrow_date`, `time_from`, `time_to`,
                                `borrowed_at`, `due_date`, `status`) 
                                VALUES 
                                (\'BRW-00003\', \'STU-00001\', \'TOOL-00011\', \'Engineer Scale\',
                                \'2026-04-07\', \'06:00\', \'09:00\',
                                CURDATE(), \'2026-04-07\', 1)')
 6 APPPATH/Controllers/BorrowSys_Ctrl.php(75): App\Models\MyBrwngModel->borrowTool()
 7 SYSTEMPATH/CodeIgniter.php(951): App\Controllers\BorrowSys_Ctrl->index()
 8 SYSTEMPATH/CodeIgniter.php(497): CodeIgniter\CodeIgniter->runController(Object(App\Controllers\BorrowSys_Ctrl))
 9 SYSTEMPATH/CodeIgniter.php(340): CodeIgniter\CodeIgniter->handleRequest(null, Object(Config\Cache), false)
10 SYSTEMPATH/Boot.php(417): CodeIgniter\CodeIgniter->run()
11 SYSTEMPATH/Boot.php(68): CodeIgniter\Boot::runCodeIgniter(Object(CodeIgniter\CodeIgniter))
12 FCPATH/index.php(59): CodeIgniter\Boot::bootWeb(Object(Config\Paths))
CRITICAL - 2026-04-06 21:32:38 --> CodeIgniter\Database\Exceptions\DatabaseException: Duplicate entry 'BRW-00003' for key 'borrowings.brw_code'
[Method: POST, Route: Borrowing-System]
in SYSTEMPATH/Database/BaseConnection.php on line 724.
 1 APPPATH/Models/BaseDBModel.php(19): CodeIgniter\Database\BaseConnection->query('INSERT INTO `borrowings` 
                                (`brw_code`, `user_code`, `tool_code`, `tool_name`,
                                `borrow_date`, `time_from`, `time_to`,
                                `borrowed_at`, `due_date`, `status`) 
                                VALUES 
                                (\'BRW-00003\', \'STU-00001\', \'TOOL-00011\', \'Engineer Scale\',
                                \'2026-04-07\', \'06:00\', \'09:00\',
                                CURDATE(), \'2026-04-07\', 1)')
 2 APPPATH/Models/MyBrwngModel.php(198): App\Models\BaseDBModel->exec('INSERT INTO `borrowings` 
                                (`brw_code`, `user_code`, `tool_code`, `tool_name`,
                                `borrow_date`, `time_from`, `time_to`,
                                `borrowed_at`, `due_date`, `status`) 
                                VALUES 
                                (\'BRW-00003\', \'STU-00001\', \'TOOL-00011\', \'Engineer Scale\',
                                \'2026-04-07\', \'06:00\', \'09:00\',
                                CURDATE(), \'2026-04-07\', 1)')
 3 APPPATH/Controllers/BorrowSys_Ctrl.php(75): App\Models\MyBrwngModel->borrowTool()
 4 SYSTEMPATH/CodeIgniter.php(951): App\Controllers\BorrowSys_Ctrl->index()
 5 SYSTEMPATH/CodeIgniter.php(497): CodeIgniter\CodeIgniter->runController(Object(App\Controllers\BorrowSys_Ctrl))
 6 SYSTEMPATH/CodeIgniter.php(340): CodeIgniter\CodeIgniter->handleRequest(null, Object(Config\Cache), false)
 7 SYSTEMPATH/Boot.php(417): CodeIgniter\CodeIgniter->run()
 8 SYSTEMPATH/Boot.php(68): CodeIgniter\Boot::runCodeIgniter(Object(CodeIgniter\CodeIgniter))
 9 FCPATH/index.php(59): CodeIgniter\Boot::bootWeb(Object(Config\Paths))
CRITICAL - 2026-04-06 21:32:38 --> [Caused by] CodeIgniter\Database\Exceptions\DatabaseException: Duplicate entry 'BRW-00003' for key 'borrowings.brw_code'
in SYSTEMPATH/Database/MySQLi/Connection.php on line 310.
 1 SYSTEMPATH/Database/BaseConnection.php(769): CodeIgniter\Database\MySQLi\Connection->execute('INSERT INTO `borrowings` 
                                (`brw_code`, `user_code`, `tool_code`, `tool_name`,
                                `borrow_date`, `time_from`, `time_to`,
                                `borrowed_at`, `due_date`, `status`) 
                                VALUES 
                                (\'BRW-00003\', \'STU-00001\', \'TOOL-00011\', \'Engineer Scale\',
                                \'2026-04-07\', \'06:00\', \'09:00\',
                                CURDATE(), \'2026-04-07\', 1)')
 2 SYSTEMPATH/Database/BaseConnection.php(686): CodeIgniter\Database\BaseConnection->simpleQuery('INSERT INTO `borrowings` 
                                (`brw_code`, `user_code`, `tool_code`, `tool_name`,
                                `borrow_date`, `time_from`, `time_to`,
                                `borrowed_at`, `due_date`, `status`) 
                                VALUES 
                                (\'BRW-00003\', \'STU-00001\', \'TOOL-00011\', \'Engineer Scale\',
                                \'2026-04-07\', \'06:00\', \'09:00\',
                                CURDATE(), \'2026-04-07\', 1)')
 3 APPPATH/Models/BaseDBModel.php(19): CodeIgniter\Database\BaseConnection->query('INSERT INTO `borrowings` 
                                (`brw_code`, `user_code`, `tool_code`, `tool_name`,
                                `borrow_date`, `time_from`, `time_to`,
                                `borrowed_at`, `due_date`, `status`) 
                                VALUES 
                                (\'BRW-00003\', \'STU-00001\', \'TOOL-00011\', \'Engineer Scale\',
                                \'2026-04-07\', \'06:00\', \'09:00\',
                                CURDATE(), \'2026-04-07\', 1)')
 4 APPPATH/Models/MyBrwngModel.php(198): App\Models\BaseDBModel->exec('INSERT INTO `borrowings` 
                                (`brw_code`, `user_code`, `tool_code`, `tool_name`,
                                `borrow_date`, `time_from`, `time_to`,
                                `borrowed_at`, `due_date`, `status`) 
                                VALUES 
                                (\'BRW-00003\', \'STU-00001\', \'TOOL-00011\', \'Engineer Scale\',
                                \'2026-04-07\', \'06:00\', \'09:00\',
                                CURDATE(), \'2026-04-07\', 1)')
 5 APPPATH/Controllers/BorrowSys_Ctrl.php(75): App\Models\MyBrwngModel->borrowTool()
 6 SYSTEMPATH/CodeIgniter.php(951): App\Controllers\BorrowSys_Ctrl->index()
 7 SYSTEMPATH/CodeIgniter.php(497): CodeIgniter\CodeIgniter->runController(Object(App\Controllers\BorrowSys_Ctrl))
 8 SYSTEMPATH/CodeIgniter.php(340): CodeIgniter\CodeIgniter->handleRequest(null, Object(Config\Cache), false)
 9 SYSTEMPATH/Boot.php(417): CodeIgniter\CodeIgniter->run()
10 SYSTEMPATH/Boot.php(68): CodeIgniter\Boot::runCodeIgniter(Object(CodeIgniter\CodeIgniter))
11 FCPATH/index.php(59): CodeIgniter\Boot::bootWeb(Object(Config\Paths))
CRITICAL - 2026-04-06 21:32:38 --> [Caused by] mysqli_sql_exception: Duplicate entry 'BRW-00003' for key 'borrowings.brw_code'
in SYSTEMPATH/Database/MySQLi/Connection.php on line 300.
 1 SYSTEMPATH/Database/MySQLi/Connection.php(300): mysqli->query('INSERT INTO `borrowings` 
                                (`brw_code`, `user_code`, `tool_code`, `tool_name`,
                                `borrow_date`, `time_from`, `time_to`,
                                `borrowed_at`, `due_date`, `status`) 
                                VALUES 
                                (\'BRW-00003\', \'STU-00001\', \'TOOL-00011\', \'Engineer Scale\',
                                \'2026-04-07\', \'06:00\', \'09:00\',
                                CURDATE(), \'2026-04-07\', 1)', 0)
 2 SYSTEMPATH/Database/BaseConnection.php(769): CodeIgniter\Database\MySQLi\Connection->execute('INSERT INTO `borrowings` 
                                (`brw_code`, `user_code`, `tool_code`, `tool_name`,
                                `borrow_date`, `time_from`, `time_to`,
                                `borrowed_at`, `due_date`, `status`) 
                                VALUES 
                                (\'BRW-00003\', \'STU-00001\', \'TOOL-00011\', \'Engineer Scale\',
                                \'2026-04-07\', \'06:00\', \'09:00\',
                                CURDATE(), \'2026-04-07\', 1)')
 3 SYSTEMPATH/Database/BaseConnection.php(686): CodeIgniter\Database\BaseConnection->simpleQuery('INSERT INTO `borrowings` 
                                (`brw_code`, `user_code`, `tool_code`, `tool_name`,
                                `borrow_date`, `time_from`, `time_to`,
                                `borrowed_at`, `due_date`, `status`) 
                                VALUES 
                                (\'BRW-00003\', \'STU-00001\', \'TOOL-00011\', \'Engineer Scale\',
                                \'2026-04-07\', \'06:00\', \'09:00\',
                                CURDATE(), \'2026-04-07\', 1)')
 4 APPPATH/Models/BaseDBModel.php(19): CodeIgniter\Database\BaseConnection->query('INSERT INTO `borrowings` 
                                (`brw_code`, `user_code`, `tool_code`, `tool_name`,
                                `borrow_date`, `time_from`, `time_to`,
                                `borrowed_at`, `due_date`, `status`) 
                                VALUES 
                                (\'BRW-00003\', \'STU-00001\', \'TOOL-00011\', \'Engineer Scale\',
                                \'2026-04-07\', \'06:00\', \'09:00\',
                                CURDATE(), \'2026-04-07\', 1)')
 5 APPPATH/Models/MyBrwngModel.php(198): App\Models\BaseDBModel->exec('INSERT INTO `borrowings` 
                                (`brw_code`, `user_code`, `tool_code`, `tool_name`,
                                `borrow_date`, `time_from`, `time_to`,
                                `borrowed_at`, `due_date`, `status`) 
                                VALUES 
                                (\'BRW-00003\', \'STU-00001\', \'TOOL-00011\', \'Engineer Scale\',
                                \'2026-04-07\', \'06:00\', \'09:00\',
                                CURDATE(), \'2026-04-07\', 1)')
 6 APPPATH/Controllers/BorrowSys_Ctrl.php(75): App\Models\MyBrwngModel->borrowTool()
 7 SYSTEMPATH/CodeIgniter.php(951): App\Controllers\BorrowSys_Ctrl->index()
 8 SYSTEMPATH/CodeIgniter.php(497): CodeIgniter\CodeIgniter->runController(Object(App\Controllers\BorrowSys_Ctrl))
 9 SYSTEMPATH/CodeIgniter.php(340): CodeIgniter\CodeIgniter->handleRequest(null, Object(Config\Cache), false)
10 SYSTEMPATH/Boot.php(417): CodeIgniter\CodeIgniter->run()
11 SYSTEMPATH/Boot.php(68): CodeIgniter\Boot::runCodeIgniter(Object(CodeIgniter\CodeIgniter))
12 FCPATH/index.php(59): CodeIgniter\Boot::bootWeb(Object(Config\Paths))
DEBUG - 2026-04-06 21:32:50 --> Session: Class initialized using 'CodeIgniter\Session\Handlers\FileHandler' driver.
DEBUG - 2026-04-06 21:34:43 --> Session: Class initialized using 'CodeIgniter\Session\Handlers\FileHandler' driver.
DEBUG - 2026-04-06 21:34:45 --> Session: Class initialized using 'CodeIgniter\Session\Handlers\FileHandler' driver.
DEBUG - 2026-04-06 21:34:53 --> Session: Class initialized using 'CodeIgniter\Session\Handlers\FileHandler' driver.
DEBUG - 2026-04-06 21:34:55 --> Session: Class initialized using 'CodeIgniter\Session\Handlers\FileHandler' driver.
DEBUG - 2026-04-06 21:35:15 --> Session: Class initialized using 'CodeIgniter\Session\Handlers\FileHandler' driver.
ERROR - 2026-04-06 21:35:15 --> Duplicate entry 'BRW-00003' for key 'borrowings.brw_code'
in SYSTEMPATH/Database/MySQLi/Connection.php on line 300.
 1 SYSTEMPATH/Database/MySQLi/Connection.php(300): mysqli->query('INSERT INTO `borrowings` 
                                (`brw_code`, `user_code`, `tool_code`, `tool_name`,
                                `borrow_date`, `time_from`, `time_to`,
                                `borrowed_at`, `due_date`, `status`) 
                                VALUES 
                                (\'BRW-00003\', \'STU-00001\', \'TOOL-00011\', \'Engineer Scale\',
                                \'2026-04-07\', \'06:00\', \'08:00\',
                                CURDATE(), \'2026-04-07\', 1)', 0)
 2 SYSTEMPATH/Database/BaseConnection.php(769): CodeIgniter\Database\MySQLi\Connection->execute('INSERT INTO `borrowings` 
                                (`brw_code`, `user_code`, `tool_code`, `tool_name`,
                                `borrow_date`, `time_from`, `time_to`,
                                `borrowed_at`, `due_date`, `status`) 
                                VALUES 
                                (\'BRW-00003\', \'STU-00001\', \'TOOL-00011\', \'Engineer Scale\',
                                \'2026-04-07\', \'06:00\', \'08:00\',
                                CURDATE(), \'2026-04-07\', 1)')
 3 SYSTEMPATH/Database/BaseConnection.php(686): CodeIgniter\Database\BaseConnection->simpleQuery('INSERT INTO `borrowings` 
                                (`brw_code`, `user_code`, `tool_code`, `tool_name`,
                                `borrow_date`, `time_from`, `time_to`,
                                `borrowed_at`, `due_date`, `status`) 
                                VALUES 
                                (\'BRW-00003\', \'STU-00001\', \'TOOL-00011\', \'Engineer Scale\',
                                \'2026-04-07\', \'06:00\', \'08:00\',
                                CURDATE(), \'2026-04-07\', 1)')
 4 APPPATH/Models/BaseDBModel.php(19): CodeIgniter\Database\BaseConnection->query('INSERT INTO `borrowings` 
                                (`brw_code`, `user_code`, `tool_code`, `tool_name`,
                                `borrow_date`, `time_from`, `time_to`,
                                `borrowed_at`, `due_date`, `status`) 
                                VALUES 
                                (\'BRW-00003\', \'STU-00001\', \'TOOL-00011\', \'Engineer Scale\',
                                \'2026-04-07\', \'06:00\', \'08:00\',
                                CURDATE(), \'2026-04-07\', 1)')
 5 APPPATH/Models/MyBrwngModel.php(198): App\Models\BaseDBModel->exec('INSERT INTO `borrowings` 
                                (`brw_code`, `user_code`, `tool_code`, `tool_name`,
                                `borrow_date`, `time_from`, `time_to`,
                                `borrowed_at`, `due_date`, `status`) 
                                VALUES 
                                (\'BRW-00003\', \'STU-00001\', \'TOOL-00011\', \'Engineer Scale\',
                                \'2026-04-07\', \'06:00\', \'08:00\',
                                CURDATE(), \'2026-04-07\', 1)')
 6 APPPATH/Controllers/BorrowSys_Ctrl.php(75): App\Models\MyBrwngModel->borrowTool()
 7 SYSTEMPATH/CodeIgniter.php(951): App\Controllers\BorrowSys_Ctrl->index()
 8 SYSTEMPATH/CodeIgniter.php(497): CodeIgniter\CodeIgniter->runController(Object(App\Controllers\BorrowSys_Ctrl))
 9 SYSTEMPATH/CodeIgniter.php(340): CodeIgniter\CodeIgniter->handleRequest(null, Object(Config\Cache), false)
10 SYSTEMPATH/Boot.php(417): CodeIgniter\CodeIgniter->run()
11 SYSTEMPATH/Boot.php(68): CodeIgniter\Boot::runCodeIgniter(Object(CodeIgniter\CodeIgniter))
12 FCPATH/index.php(59): CodeIgniter\Boot::bootWeb(Object(Config\Paths))
CRITICAL - 2026-04-06 21:35:15 --> CodeIgniter\Database\Exceptions\DatabaseException: Duplicate entry 'BRW-00003' for key 'borrowings.brw_code'
[Method: POST, Route: Borrowing-System]
in SYSTEMPATH/Database/BaseConnection.php on line 724.
 1 APPPATH/Models/BaseDBModel.php(19): CodeIgniter\Database\BaseConnection->query('INSERT INTO `borrowings` 
                                (`brw_code`, `user_code`, `tool_code`, `tool_name`,
                                `borrow_date`, `time_from`, `time_to`,
                                `borrowed_at`, `due_date`, `status`) 
                                VALUES 
                                (\'BRW-00003\', \'STU-00001\', \'TOOL-00011\', \'Engineer Scale\',
                                \'2026-04-07\', \'06:00\', \'08:00\',
                                CURDATE(), \'2026-04-07\', 1)')
 2 APPPATH/Models/MyBrwngModel.php(198): App\Models\BaseDBModel->exec('INSERT INTO `borrowings` 
                                (`brw_code`, `user_code`, `tool_code`, `tool_name`,
                                `borrow_date`, `time_from`, `time_to`,
                                `borrowed_at`, `due_date`, `status`) 
                                VALUES 
                                (\'BRW-00003\', \'STU-00001\', \'TOOL-00011\', \'Engineer Scale\',
                                \'2026-04-07\', \'06:00\', \'08:00\',
                                CURDATE(), \'2026-04-07\', 1)')
 3 APPPATH/Controllers/BorrowSys_Ctrl.php(75): App\Models\MyBrwngModel->borrowTool()
 4 SYSTEMPATH/CodeIgniter.php(951): App\Controllers\BorrowSys_Ctrl->index()
 5 SYSTEMPATH/CodeIgniter.php(497): CodeIgniter\CodeIgniter->runController(Object(App\Controllers\BorrowSys_Ctrl))
 6 SYSTEMPATH/CodeIgniter.php(340): CodeIgniter\CodeIgniter->handleRequest(null, Object(Config\Cache), false)
 7 SYSTEMPATH/Boot.php(417): CodeIgniter\CodeIgniter->run()
 8 SYSTEMPATH/Boot.php(68): CodeIgniter\Boot::runCodeIgniter(Object(CodeIgniter\CodeIgniter))
 9 FCPATH/index.php(59): CodeIgniter\Boot::bootWeb(Object(Config\Paths))
CRITICAL - 2026-04-06 21:35:15 --> [Caused by] CodeIgniter\Database\Exceptions\DatabaseException: Duplicate entry 'BRW-00003' for key 'borrowings.brw_code'
in SYSTEMPATH/Database/MySQLi/Connection.php on line 310.
 1 SYSTEMPATH/Database/BaseConnection.php(769): CodeIgniter\Database\MySQLi\Connection->execute('INSERT INTO `borrowings` 
                                (`brw_code`, `user_code`, `tool_code`, `tool_name`,
                                `borrow_date`, `time_from`, `time_to`,
                                `borrowed_at`, `due_date`, `status`) 
                                VALUES 
                                (\'BRW-00003\', \'STU-00001\', \'TOOL-00011\', \'Engineer Scale\',
                                \'2026-04-07\', \'06:00\', \'08:00\',
                                CURDATE(), \'2026-04-07\', 1)')
 2 SYSTEMPATH/Database/BaseConnection.php(686): CodeIgniter\Database\BaseConnection->simpleQuery('INSERT INTO `borrowings` 
                                (`brw_code`, `user_code`, `tool_code`, `tool_name`,
                                `borrow_date`, `time_from`, `time_to`,
                                `borrowed_at`, `due_date`, `status`) 
                                VALUES 
                                (\'BRW-00003\', \'STU-00001\', \'TOOL-00011\', \'Engineer Scale\',
                                \'2026-04-07\', \'06:00\', \'08:00\',
                                CURDATE(), \'2026-04-07\', 1)')
 3 APPPATH/Models/BaseDBModel.php(19): CodeIgniter\Database\BaseConnection->query('INSERT INTO `borrowings` 
                                (`brw_code`, `user_code`, `tool_code`, `tool_name`,
                                `borrow_date`, `time_from`, `time_to`,
                                `borrowed_at`, `due_date`, `status`) 
                                VALUES 
                                (\'BRW-00003\', \'STU-00001\', \'TOOL-00011\', \'Engineer Scale\',
                                \'2026-04-07\', \'06:00\', \'08:00\',
                                CURDATE(), \'2026-04-07\', 1)')
 4 APPPATH/Models/MyBrwngModel.php(198): App\Models\BaseDBModel->exec('INSERT INTO `borrowings` 
                                (`brw_code`, `user_code`, `tool_code`, `tool_name`,
                                `borrow_date`, `time_from`, `time_to`,
                                `borrowed_at`, `due_date`, `status`) 
                                VALUES 
                                (\'BRW-00003\', \'STU-00001\', \'TOOL-00011\', \'Engineer Scale\',
                                \'2026-04-07\', \'06:00\', \'08:00\',
                                CURDATE(), \'2026-04-07\', 1)')
 5 APPPATH/Controllers/BorrowSys_Ctrl.php(75): App\Models\MyBrwngModel->borrowTool()
 6 SYSTEMPATH/CodeIgniter.php(951): App\Controllers\BorrowSys_Ctrl->index()
 7 SYSTEMPATH/CodeIgniter.php(497): CodeIgniter\CodeIgniter->runController(Object(App\Controllers\BorrowSys_Ctrl))
 8 SYSTEMPATH/CodeIgniter.php(340): CodeIgniter\CodeIgniter->handleRequest(null, Object(Config\Cache), false)
 9 SYSTEMPATH/Boot.php(417): CodeIgniter\CodeIgniter->run()
10 SYSTEMPATH/Boot.php(68): CodeIgniter\Boot::runCodeIgniter(Object(CodeIgniter\CodeIgniter))
11 FCPATH/index.php(59): CodeIgniter\Boot::bootWeb(Object(Config\Paths))
CRITICAL - 2026-04-06 21:35:15 --> [Caused by] mysqli_sql_exception: Duplicate entry 'BRW-00003' for key 'borrowings.brw_code'
in SYSTEMPATH/Database/MySQLi/Connection.php on line 300.
 1 SYSTEMPATH/Database/MySQLi/Connection.php(300): mysqli->query('INSERT INTO `borrowings` 
                                (`brw_code`, `user_code`, `tool_code`, `tool_name`,
                                `borrow_date`, `time_from`, `time_to`,
                                `borrowed_at`, `due_date`, `status`) 
                                VALUES 
                                (\'BRW-00003\', \'STU-00001\', \'TOOL-00011\', \'Engineer Scale\',
                                \'2026-04-07\', \'06:00\', \'08:00\',
                                CURDATE(), \'2026-04-07\', 1)', 0)
 2 SYSTEMPATH/Database/BaseConnection.php(769): CodeIgniter\Database\MySQLi\Connection->execute('INSERT INTO `borrowings` 
                                (`brw_code`, `user_code`, `tool_code`, `tool_name`,
                                `borrow_date`, `time_from`, `time_to`,
                                `borrowed_at`, `due_date`, `status`) 
                                VALUES 
                                (\'BRW-00003\', \'STU-00001\', \'TOOL-00011\', \'Engineer Scale\',
                                \'2026-04-07\', \'06:00\', \'08:00\',
                                CURDATE(), \'2026-04-07\', 1)')
 3 SYSTEMPATH/Database/BaseConnection.php(686): CodeIgniter\Database\BaseConnection->simpleQuery('INSERT INTO `borrowings` 
                                (`brw_code`, `user_code`, `tool_code`, `tool_name`,
                                `borrow_date`, `time_from`, `time_to`,
                                `borrowed_at`, `due_date`, `status`) 
                                VALUES 
                                (\'BRW-00003\', \'STU-00001\', \'TOOL-00011\', \'Engineer Scale\',
                                \'2026-04-07\', \'06:00\', \'08:00\',
                                CURDATE(), \'2026-04-07\', 1)')
 4 APPPATH/Models/BaseDBModel.php(19): CodeIgniter\Database\BaseConnection->query('INSERT INTO `borrowings` 
                                (`brw_code`, `user_code`, `tool_code`, `tool_name`,
                                `borrow_date`, `time_from`, `time_to`,
                                `borrowed_at`, `due_date`, `status`) 
                                VALUES 
                                (\'BRW-00003\', \'STU-00001\', \'TOOL-00011\', \'Engineer Scale\',
                                \'2026-04-07\', \'06:00\', \'08:00\',
                                CURDATE(), \'2026-04-07\', 1)')
 5 APPPATH/Models/MyBrwngModel.php(198): App\Models\BaseDBModel->exec('INSERT INTO `borrowings` 
                                (`brw_code`, `user_code`, `tool_code`, `tool_name`,
                                `borrow_date`, `time_from`, `time_to`,
                                `borrowed_at`, `due_date`, `status`) 
                                VALUES 
                                (\'BRW-00003\', \'STU-00001\', \'TOOL-00011\', \'Engineer Scale\',
                                \'2026-04-07\', \'06:00\', \'08:00\',
                                CURDATE(), \'2026-04-07\', 1)')
 6 APPPATH/Controllers/BorrowSys_Ctrl.php(75): App\Models\MyBrwngModel->borrowTool()
 7 SYSTEMPATH/CodeIgniter.php(951): App\Controllers\BorrowSys_Ctrl->index()
 8 SYSTEMPATH/CodeIgniter.php(497): CodeIgniter\CodeIgniter->runController(Object(App\Controllers\BorrowSys_Ctrl))
 9 SYSTEMPATH/CodeIgniter.php(340): CodeIgniter\CodeIgniter->handleRequest(null, Object(Config\Cache), false)
10 SYSTEMPATH/Boot.php(417): CodeIgniter\CodeIgniter->run()
11 SYSTEMPATH/Boot.php(68): CodeIgniter\Boot::runCodeIgniter(Object(CodeIgniter\CodeIgniter))
12 FCPATH/index.php(59): CodeIgniter\Boot::bootWeb(Object(Config\Paths))
DEBUG - 2026-04-06 21:39:57 --> Session: Class initialized using 'CodeIgniter\Session\Handlers\FileHandler' driver.
DEBUG - 2026-04-06 21:39:59 --> Session: Class initialized using 'CodeIgniter\Session\Handlers\FileHandler' driver.
DEBUG - 2026-04-06 21:40:20 --> Session: Class initialized using 'CodeIgniter\Session\Handlers\FileHandler' driver.
DEBUG - 2026-04-06 21:40:23 --> Session: Class initialized using 'CodeIgniter\Session\Handlers\FileHandler' driver.
DEBUG - 2026-04-06 21:40:26 --> Session: Class initialized using 'CodeIgniter\Session\Handlers\FileHandler' driver.
DEBUG - 2026-04-06 21:40:27 --> Session: Class initialized using 'CodeIgniter\Session\Handlers\FileHandler' driver.
DEBUG - 2026-04-06 21:42:06 --> Session: Class initialized using 'CodeIgniter\Session\Handlers\FileHandler' driver.
DEBUG - 2026-04-06 21:42:08 --> Session: Class initialized using 'CodeIgniter\Session\Handlers\FileHandler' driver.
DEBUG - 2026-04-06 21:49:27 --> Session: Class initialized using 'CodeIgniter\Session\Handlers\FileHandler' driver.
DEBUG - 2026-04-06 21:49:29 --> Session: Class initialized using 'CodeIgniter\Session\Handlers\FileHandler' driver.
DEBUG - 2026-04-06 21:49:29 --> Session: Class initialized using 'CodeIgniter\Session\Handlers\FileHandler' driver.
DEBUG - 2026-04-06 21:50:23 --> Session: Class initialized using 'CodeIgniter\Session\Handlers\FileHandler' driver.
DEBUG - 2026-04-06 21:50:25 --> Session: Class initialized using 'CodeIgniter\Session\Handlers\FileHandler' driver.
DEBUG - 2026-04-06 21:50:25 --> Session: Class initialized using 'CodeIgniter\Session\Handlers\FileHandler' driver.
DEBUG - 2026-04-06 21:50:41 --> Session: Class initialized using 'CodeIgniter\Session\Handlers\FileHandler' driver.
DEBUG - 2026-04-06 21:50:43 --> Session: Class initialized using 'CodeIgniter\Session\Handlers\FileHandler' driver.
DEBUG - 2026-04-06 21:50:43 --> Session: Class initialized using 'CodeIgniter\Session\Handlers\FileHandler' driver.
DEBUG - 2026-04-06 21:51:31 --> Session: Class initialized using 'CodeIgniter\Session\Handlers\FileHandler' driver.
DEBUG - 2026-04-06 21:51:32 --> Session: Class initialized using 'CodeIgniter\Session\Handlers\FileHandler' driver.
DEBUG - 2026-04-06 21:51:33 --> Session: Class initialized using 'CodeIgniter\Session\Handlers\FileHandler' driver.
DEBUG - 2026-04-06 21:52:02 --> Session: Class initialized using 'CodeIgniter\Session\Handlers\FileHandler' driver.
DEBUG - 2026-04-06 21:52:04 --> Session: Class initialized using 'CodeIgniter\Session\Handlers\FileHandler' driver.
DEBUG - 2026-04-06 21:52:04 --> Session: Class initialized using 'CodeIgniter\Session\Handlers\FileHandler' driver.
DEBUG - 2026-04-06 21:52:44 --> Session: Class initialized using 'CodeIgniter\Session\Handlers\FileHandler' driver.
DEBUG - 2026-04-06 21:52:45 --> Session: Class initialized using 'CodeIgniter\Session\Handlers\FileHandler' driver.
DEBUG - 2026-04-06 21:52:45 --> Session: Class initialized using 'CodeIgniter\Session\Handlers\FileHandler' driver.
DEBUG - 2026-04-06 21:52:56 --> Session: Class initialized using 'CodeIgniter\Session\Handlers\FileHandler' driver.
DEBUG - 2026-04-06 21:52:58 --> Session: Class initialized using 'CodeIgniter\Session\Handlers\FileHandler' driver.
DEBUG - 2026-04-06 21:52:58 --> Session: Class initialized using 'CodeIgniter\Session\Handlers\FileHandler' driver.
